<?xml version="1.0" encoding="UTF-8"?>
<!-- Generated by org.testng.reporters.JUnitReportReporter -->
<testsuite hostname="LAPTOP-QJ7C174P" failures="0" tests="1" name="com.testing.ParameterTest" time="16.794" errors="0" timestamp="2024-10-17T09:04:07 IST" skipped="0">
  <testcase classname="com.testing.ParameterTest" name="login" time="16.794"/>
  <system-out/>
</testsuite> <!-- com.testing.ParameterTest -->
