<?xml version="1.0" encoding="UTF-8"?>
<!-- Generated by org.testng.reporters.JUnitReportReporter -->
<testsuite hostname="LAPTOP-QJ7C174P" failures="0" tests="1" name="com.testing.ExpectedException" time="6.708" errors="0" timestamp="2024-10-17T20:42:03 IST" skipped="0">
  <testcase classname="com.testing.ExpectedException" name="exception" time="6.708"/>
  <system-out/>
</testsuite> <!-- com.testing.ExpectedException -->
