<?xml version="1.0" encoding="UTF-8"?>
<!-- Generated by org.testng.reporters.JUnitReportReporter -->
<testsuite hostname="LAPTOP-QJ7C174P" failures="0" tests="4" name="com.testing.DataProviderTest" time="31.942" errors="0" timestamp="2024-10-16T22:59:12 IST" skipped="0">
  <testcase classname="com.testing.DataProviderTest" name="login" time="6.333"/>
  <system-out/>
  <testcase classname="com.testing.DataProviderTest" name="login" time="13.020"/>
  <system-out/>
  <testcase classname="com.testing.DataProviderTest" name="login" time="6.701"/>
  <system-out/>
  <testcase classname="com.testing.DataProviderTest" name="login" time="5.888"/>
  <system-out/>
</testsuite> <!-- com.testing.DataProviderTest -->
