<?xml version="1.0" encoding="UTF-8"?>
<!-- Generated by org.testng.reporters.JUnitReportReporter -->
<testsuite hostname="LAPTOP-QJ7C174P" failures="0" tests="4" name="com.testing.InvocationCount" time="13.036" errors="0" timestamp="2024-10-17T09:10:01 IST" skipped="0">
  <testcase classname="com.testing.InvocationCount" name="chrome" time="3.142"/>
  <system-out/>
  <testcase classname="com.testing.InvocationCount" name="chrome" time="4.392"/>
  <system-out/>
  <testcase classname="com.testing.InvocationCount" name="chrome" time="3.440"/>
  <system-out/>
  <testcase classname="com.testing.InvocationCount" name="chrome" time="2.062"/>
  <system-out/>
</testsuite> <!-- com.testing.InvocationCount -->
