<?xml version="1.0" encoding="UTF-8"?>
<!-- Generated by org.testng.reporters.JUnitReportReporter -->
<testsuite hostname="LAPTOP-QJ7C174P" failures="0" tests="7" name="com.testing.SwagLabs" time="6.250" errors="0" timestamp="2024-10-16T14:41:40 IST" skipped="0">
  <testcase classname="com.testing.SwagLabs" name="logOut" time="0.261"/>
  <system-out/>
  <testcase classname="com.testing.SwagLabs" name="urlLaunch" time="0.555"/>
  <system-out/>
  <testcase classname="com.testing.SwagLabs" name="login" time="1.584"/>
  <system-out/>
  <testcase classname="com.testing.SwagLabs" name="checkOut" time="0.796"/>
  <system-out/>
  <testcase classname="com.testing.SwagLabs" name="browserLaunch" time="2.188"/>
  <system-out/>
  <testcase classname="com.testing.SwagLabs" name="searchproduct" time="0.336"/>
  <system-out/>
  <testcase classname="com.testing.SwagLabs" name="addToCart" time="0.530"/>
  <system-out/>
</testsuite> <!-- com.testing.SwagLabs -->
