<?xml version="1.0" encoding="UTF-8"?>
<!-- Generated by org.testng.reporters.JUnitReportReporter -->
<testsuite hostname="LAPTOP-QJ7C174P" failures="0" tests="3" name="com.testing.CrossBrowserTesting" time="25.360" errors="0" timestamp="2024-10-17T19:37:23 IST" skipped="0">
  <testcase classname="com.testing.CrossBrowserTesting" name="chrome" time="7.044"/>
  <system-out/>
  <testcase classname="com.testing.CrossBrowserTesting" name="edge" time="7.176"/>
  <system-out/>
  <testcase classname="com.testing.CrossBrowserTesting" name="firefox" time="11.140"/>
  <system-out/>
</testsuite> <!-- com.testing.CrossBrowserTesting -->
